<?xml version='1.0' encoding='UTF-8'?>
<testsuite hostname="KanielDim-SPen" name="edu.colorado.csci3155.project1.CompilerTest" tests="8" errors="0" failures="1" skipped="0" time="0.068" timestamp="2020-10-13T20:03:26">
                     <properties>
[...]
</properties>
                     <testcase classname="edu.colorado.csci3155.project1.CompilerTest" name="simple expression 1" time="0.037">
                                                 
                                               </testcase><testcase classname="edu.colorado.csci3155.project1.CompilerTest" name="simple expression 2" time="0.005">
                                                 
                                               </testcase><testcase classname="edu.colorado.csci3155.project1.CompilerTest" name="simple expression 3" time="0.007">
                                                 
                                               </testcase><testcase classname="edu.colorado.csci3155.project1.CompilerTest" name="simple expression 4" time="0.009">
                                                 
                                               </testcase><testcase classname="edu.colorado.csci3155.project1.CompilerTest" name="LetBinding + Ident Test 1" time="0.007">
                                                 
                                               </testcase><testcase classname="edu.colorado.csci3155.project1.CompilerTest" name="LetBinding + Ident Test 2" time="0.001">
                                                 
                                               </testcase><testcase classname="edu.colorado.csci3155.project1.CompilerTest" name="LetBinding + Ident Test 3" time="0.001">
                                                 
                                               </testcase><testcase classname="edu.colorado.csci3155.project1.CompilerTest" name="LetBinding + Ident Test 4" time="0.001">
                                                 <failure message="assertion failed" type="java.lang.AssertionError">java.lang.AssertionError: assertion failed
	at scala.Predef$.assert(Predef.scala:208)
	at edu.colorado.csci3155.project1.StackMachineEmulator$.emulateSingleInstruction(StackMachineEmulator.scala:62)
	at edu.colorado.csci3155.project1.StackMachineEmulator$.$anonfun$emulateStackMachine$1(StackMachineEmulator.scala:161)
	at scala.collection.LinearSeqOptimized.foldLeft(LinearSeqOptimized.scala:126)
	at scala.collection.LinearSeqOptimized.foldLeft$(LinearSeqOptimized.scala:122)
	at scala.collection.immutable.List.foldLeft(List.scala:89)
	at edu.colorado.csci3155.project1.StackMachineEmulator$.emulateStackMachine(StackMachineEmulator.scala:159)
	at edu.colorado.csci3155.project1.CompilerTest.$anonfun$new$8(CompilerTest.scala:83)
	at org.scalatest.OutcomeOf.outcomeOf(OutcomeOf.scala:85)
	at org.scalatest.OutcomeOf.outcomeOf$(OutcomeOf.scala:83)
	at org.scalatest.OutcomeOf$.outcomeOf(OutcomeOf.scala:104)
	at org.scalatest.Transformer.apply(Transformer.scala:22)
	at org.scalatest.Transformer.apply(Transformer.scala:20)
	at org.scalatest.FunSuiteLike$$anon$1.apply(FunSuiteLike.scala:186)
	at org.scalatest.TestSuite.withFixture(TestSuite.scala:196)
	at org.scalatest.TestSuite.withFixture$(TestSuite.scala:195)
	at org.scalatest.FunSuite.withFixture(FunSuite.scala:1560)
	at org.scalatest.FunSuiteLike.invokeWithFixture$1(FunSuiteLike.scala:184)
	at org.scalatest.FunSuiteLike.$anonfun$runTest$1(FunSuiteLike.scala:196)
	at org.scalatest.SuperEngine.runTestImpl(Engine.scala:289)
	at org.scalatest.FunSuiteLike.runTest(FunSuiteLike.scala:196)
	at org.scalatest.FunSuiteLike.runTest$(FunSuiteLike.scala:178)
	at org.scalatest.FunSuite.runTest(FunSuite.scala:1560)
	at org.scalatest.FunSuiteLike.$anonfun$runTests$1(FunSuiteLike.scala:229)
	at org.scalatest.SuperEngine.$anonfun$runTestsInBranch$1(Engine.scala:396)
	at scala.collection.immutable.List.foreach(List.scala:392)
	at org.scalatest.SuperEngine.traverseSubNodes$1(Engine.scala:384)
	at org.scalatest.SuperEngine.runTestsInBranch(Engine.scala:379)
	at org.scalatest.SuperEngine.runTestsImpl(Engine.scala:461)
	at org.scalatest.FunSuiteLike.runTests(FunSuiteLike.scala:229)
	at org.scalatest.FunSuiteLike.runTests$(FunSuiteLike.scala:228)
	at org.scalatest.FunSuite.runTests(FunSuite.scala:1560)
	at org.scalatest.Suite.run(Suite.scala:1147)
	at org.scalatest.Suite.run$(Suite.scala:1129)
	at org.scalatest.FunSuite.org$scalatest$FunSuiteLike$$super$run(FunSuite.scala:1560)
	at org.scalatest.FunSuiteLike.$anonfun$run$1(FunSuiteLike.scala:233)
	at org.scalatest.SuperEngine.runImpl(Engine.scala:521)
	at org.scalatest.FunSuiteLike.run(FunSuiteLike.scala:233)
	at org.scalatest.FunSuiteLike.run$(FunSuiteLike.scala:232)
	at org.scalatest.FunSuite.run(FunSuite.scala:1560)
	at org.scalatest.tools.Framework.org$scalatest$tools$Framework$$runSuite(Framework.scala:314)
	at org.scalatest.tools.Framework$ScalaTestTask.execute(Framework.scala:507)
	at sbt.TestRunner.runTest$1(TestFramework.scala:139)
	at sbt.TestRunner.run(TestFramework.scala:154)
	at sbt.TestFramework$$anon$3$$anonfun$$lessinit$greater$1.$anonfun$apply$1(TestFramework.scala:317)
	at sbt.TestFramework$.sbt$TestFramework$$withContextLoader(TestFramework.scala:277)
	at sbt.TestFramework$$anon$3$$anonfun$$lessinit$greater$1.apply(TestFramework.scala:317)
	at sbt.TestFramework$$anon$3$$anonfun$$lessinit$greater$1.apply(TestFramework.scala:317)
	at sbt.TestFunction.apply(TestFramework.scala:329)
	at sbt.Tests$.$anonfun$toTask$1(Tests.scala:311)
	at sbt.std.Transform$$anon$3.$anonfun$apply$2(Transform.scala:46)
	at sbt.std.Transform$$anon$4.work(Transform.scala:67)
	at sbt.Execute.$anonfun$submit$2(Execute.scala:281)
	at sbt.internal.util.ErrorHandling$.wideConvert(ErrorHandling.scala:19)
	at sbt.Execute.work(Execute.scala:290)
	at sbt.Execute.$anonfun$submit$1(Execute.scala:281)
	at sbt.ConcurrentRestrictions$$anon$4.$anonfun$submitValid$1(ConcurrentRestrictions.scala:178)
	at sbt.CompletionService$$anon$2.call(CompletionService.scala:37)
	at java.util.concurrent.FutureTask.run(FutureTask.java:266)
	at java.util.concurrent.Executors$RunnableAdapter.call(Executors.java:511)
	at java.util.concurrent.FutureTask.run(FutureTask.java:266)
	at java.util.concurrent.ThreadPoolExecutor.runWorker(ThreadPoolExecutor.java:1149)
	at java.util.concurrent.ThreadPoolExecutor$Worker.run(ThreadPoolExecutor.java:624)
	at java.lang.Thread.run(Thread.java:748)
</failure>
                                               </testcase>
                     <system-out><![CDATA[]]></system-out>
                     <system-err><![CDATA[]]></system-err>
                   </testsuite>